2023-04-02 22:26:54.063012 - Initialized conversion of CBT183
2023-04-02 22:26:55.694373 - Received CBT.V504.FILE183.PDS from FILE183.XMI 
2023-04-02 22:26:55.697504 - Found $$$$NOTE.txt (text/plain) in CBT.V504.FILE183.PDS, moved to PDS/$$$$NOTE
2023-04-02 22:26:55.698679 - Found $$$#DATE.txt (text/plain) in CBT.V504.FILE183.PDS, moved to PDS/$$$#DATE
2023-04-02 22:26:55.700014 - Found $$$COGSF.txt (text/plain) in CBT.V504.FILE183.PDS, moved to PDS/$$$COGSF
2023-04-02 22:26:55.701162 - Found $$INDEX.txt (text/plain) in CBT.V504.FILE183.PDS, moved to PDS/$$INDEX
2023-04-02 22:26:55.702546 - Found $$NOTE01.txt (text/plain) in CBT.V504.FILE183.PDS, moved to PDS/$$NOTE01
2023-04-02 22:26:55.703709 - Found $$NOTE02.txt (text/plain) in CBT.V504.FILE183.PDS, moved to PDS/$$NOTE02
2023-04-02 22:26:55.705016 - Found $CHANGES.txt (text/plain) in CBT.V504.FILE183.PDS, moved to PDS/$CHANGES
2023-04-02 22:26:55.705031 - Found $LOAD183.bin containing application/octet-stream, moved to PDS/$LOAD183
2023-04-02 22:26:55.707215 - Found @FILE183.txt (text/plain) in CBT.V504.FILE183.PDS, moved to PDS/@FILE183
2023-04-02 22:26:55.708658 - Found ADDTRK.rexx (text/plain) in CBT.V504.FILE183.PDS, moved to PDS/ADDTRK
2023-04-02 22:26:55.709655 - Found BLKSIZE2.jcl (text/plain) in CBT.V504.FILE183.PDS, moved to PDS/BLKSIZE2
2023-04-02 22:26:55.710892 - Found BR.jcl (text/plain) in CBT.V504.FILE183.PDS, moved to PDS/BR
2023-04-02 22:26:55.712118 - Found BUILDCDE.jcl (text/plain) in CBT.V504.FILE183.PDS, moved to PDS/BUILDCDE
2023-04-02 22:26:55.713272 - Found BYPASSNQ.jcl (text/plain) in CBT.V504.FILE183.PDS, moved to PDS/BYPASSNQ
2023-04-02 22:26:55.714405 - Found CANMSGCL.jcl (text/plain) in CBT.V504.FILE183.PDS, moved to PDS/CANMSGCL
2023-04-02 22:26:55.715620 - Found CLEANUP.jcl (text/plain) in CBT.V504.FILE183.PDS, moved to PDS/CLEANUP
2023-04-02 22:26:55.716616 - Found CLS.jcl (text/plain) in CBT.V504.FILE183.PDS, moved to PDS/CLS
2023-04-02 22:26:55.717538 - Found CMDJ.jcl (text/plain) in CBT.V504.FILE183.PDS, moved to PDS/CMDJ
2023-04-02 22:26:55.718512 - Found COB2JOB.jcl (text/plain) in CBT.V504.FILE183.PDS, moved to PDS/COB2JOB
2023-04-02 22:26:55.719699 - Found COB2SYS.jcl (text/plain) in CBT.V504.FILE183.PDS, moved to PDS/COB2SYS
2023-04-02 22:26:55.720828 - Found COB2TSO.jcl (text/plain) in CBT.V504.FILE183.PDS, moved to PDS/COB2TSO
2023-04-02 22:26:55.722104 - Found COMPRCMD.jcl (text/plain) in CBT.V504.FILE183.PDS, moved to PDS/COMPRCMD
2023-04-02 22:26:55.723104 - Found COMPRESS.rexx (text/plain) in CBT.V504.FILE183.PDS, moved to PDS/COMPRESS
2023-04-02 22:26:55.724063 - Found CONCAT.rexx (text/plain) in CBT.V504.FILE183.PDS, moved to PDS/CONCAT
2023-04-02 22:26:55.725017 - Found CUT.rexx (text/plain) in CBT.V504.FILE183.PDS, moved to PDS/CUT
2023-04-02 22:26:55.726087 - Found CUTHLP1.txt (text/plain) in CBT.V504.FILE183.PDS, moved to PDS/CUTHLP1
2023-04-02 22:26:55.727408 - Found CUTHLP2.txt (text/plain) in CBT.V504.FILE183.PDS, moved to PDS/CUTHLP2
2023-04-02 22:26:55.728822 - Found CUTPGM.jcl (text/plain) in CBT.V504.FILE183.PDS, moved to PDS/CUTPGM
2023-04-02 22:26:55.730416 - Found DAHANDBK.jcl (text/plain) in CBT.V504.FILE183.PDS, moved to PDS/DAHANDBK
2023-04-02 22:26:55.731858 - Found DAHANDJ.jcl (text/plain) in CBT.V504.FILE183.PDS, moved to PDS/DAHANDJ
2023-04-02 22:26:55.733406 - Found DCODADDR.jcl (text/plain) in CBT.V504.FILE183.PDS, moved to PDS/DCODADDR
2023-04-02 22:26:55.734480 - Found DEFGDGSR.jcl (text/plain) in CBT.V504.FILE183.PDS, moved to PDS/DEFGDGSR
2023-04-02 22:26:55.735550 - Found DONTFAIL.jcl (text/plain) in CBT.V504.FILE183.PDS, moved to PDS/DONTFAIL
2023-04-02 22:26:55.736595 - Found DSLIST.rexx (text/plain) in CBT.V504.FILE183.PDS, moved to PDS/DSLIST
2023-04-02 22:26:55.737505 - Found DSNLIST.jcl (text/plain) in CBT.V504.FILE183.PDS, moved to PDS/DSNLIST
2023-04-02 22:26:55.738419 - Found EASYSORT.jcl (text/plain) in CBT.V504.FILE183.PDS, moved to PDS/EASYSORT
2023-04-02 22:26:55.739380 - Found EXECPGM.jcl (text/plain) in CBT.V504.FILE183.PDS, moved to PDS/EXECPGM
2023-04-02 22:26:55.740292 - Found EXECUTE.rexx (text/plain) in CBT.V504.FILE183.PDS, moved to PDS/EXECUTE
2023-04-02 22:26:55.741245 - Found FASTNOTE.txt (text/plain) in CBT.V504.FILE183.PDS, moved to PDS/FASTNOTE
2023-04-02 22:26:55.741259 - Found FASTPATH.bin containing application/octet-stream, moved to PDS/FASTPATH
2023-04-02 22:26:55.744220 - Found FASTPDOC.txt (text/plain) in CBT.V504.FILE183.PDS, moved to PDS/FASTPDOC
2023-04-02 22:26:55.745267 - Found FASTPMOD.txt (text/plain) in CBT.V504.FILE183.PDS, moved to PDS/FASTPMOD
2023-04-02 22:26:55.745281 - Found FASTP149.bin containing application/octet-stream, moved to PDS/FASTP149
2023-04-02 22:26:55.747783 - Found FILE183.txt (text/plain) in CBT.V504.FILE183.PDS, moved to PDS/FILE183
2023-04-02 22:26:55.748817 - Found FILLDASD.jcl (text/plain) in CBT.V504.FILE183.PDS, moved to PDS/FILLDASD
2023-04-02 22:26:55.749806 - Found FREEDIR.rexx (text/plain) in CBT.V504.FILE183.PDS, moved to PDS/FREEDIR
2023-04-02 22:26:55.750787 - Found FSHELP.rexx (text/plain) in CBT.V504.FILE183.PDS, moved to PDS/FSHELP
2023-04-02 22:26:55.751811 - Found FTP.rexx (text/plain) in CBT.V504.FILE183.PDS, moved to PDS/FTP
2023-04-02 22:26:55.752793 - Found FULLDSN.jcl (text/plain) in CBT.V504.FILE183.PDS, moved to PDS/FULLDSN
2023-04-02 22:26:55.753694 - Found GETDIR.jcl (text/plain) in CBT.V504.FILE183.PDS, moved to PDS/GETDIR
2023-04-02 22:26:55.754575 - Found GETPUT31.jcl (text/plain) in CBT.V504.FILE183.PDS, moved to PDS/GETPUT31
2023-04-02 22:26:55.755561 - Found GSFLKED.jcl (text/plain) in CBT.V504.FILE183.PDS, moved to PDS/GSFLKED
2023-04-02 22:26:55.756502 - Found HANDBOOK.jcl (text/plain) in CBT.V504.FILE183.PDS, moved to PDS/HANDBOOK
2023-04-02 22:26:55.757408 - Found IEC149I.jcl (text/plain) in CBT.V504.FILE183.PDS, moved to PDS/IEC149I
2023-04-02 22:26:55.758369 - Found IGX00GSF.jcl (text/plain) in CBT.V504.FILE183.PDS, moved to PDS/IGX00GSF
2023-04-02 22:26:55.759386 - Found IKJEFLN#.txt (text/plain) in CBT.V504.FILE183.PDS, moved to PDS/IKJEFLN#
2023-04-02 22:26:55.760771 - Found IKJEFLN2.jcl (text/plain) in CBT.V504.FILE183.PDS, moved to PDS/IKJEFLN2
2023-04-02 22:26:55.761902 - Found INITKSDS.jcl (text/plain) in CBT.V504.FILE183.PDS, moved to PDS/INITKSDS
2023-04-02 22:26:55.762862 - Found IPADDR.rexx (text/plain) in CBT.V504.FILE183.PDS, moved to PDS/IPADDR
2023-04-02 22:26:55.764086 - Found IRXEHCIR.jcl (text/plain) in CBT.V504.FILE183.PDS, moved to PDS/IRXEHCIR
2023-04-02 22:26:55.765382 - Found ISGECMON.jcl (text/plain) in CBT.V504.FILE183.PDS, moved to PDS/ISGECMON
2023-04-02 22:26:55.766513 - Found ISPCMDL.rexx (text/plain) in CBT.V504.FILE183.PDS, moved to PDS/ISPCMDL
2023-04-02 22:26:55.767786 - Found ISPCMDSJ.jcl (text/plain) in CBT.V504.FILE183.PDS, moved to PDS/ISPCMDSJ
2023-04-02 22:26:55.768907 - Found ISPCMDU.rexx (text/plain) in CBT.V504.FILE183.PDS, moved to PDS/ISPCMDU
2023-04-02 22:26:55.769779 - Found ISPCOMND.txt (text/plain) in CBT.V504.FILE183.PDS, moved to PDS/ISPCOMND
2023-04-02 22:26:55.770723 - Found ISPTASK.jcl (text/plain) in CBT.V504.FILE183.PDS, moved to PDS/ISPTASK
2023-04-02 22:26:55.772047 - Found ISREDIT2.jcl (text/plain) in CBT.V504.FILE183.PDS, moved to PDS/ISREDIT2
2023-04-02 22:26:55.773325 - Found JOBRLSE.jcl (text/plain) in CBT.V504.FILE183.PDS, moved to PDS/JOBRLSE
2023-04-02 22:26:55.774336 - Found LC.rexx (text/plain) in CBT.V504.FILE183.PDS, moved to PDS/LC
2023-04-02 22:26:55.775284 - Found LCAT.jcl (text/plain) in CBT.V504.FILE183.PDS, moved to PDS/LCAT
2023-04-02 22:26:55.776321 - Found LCAT92.jcl (text/plain) in CBT.V504.FILE183.PDS, moved to PDS/LCAT92
2023-04-02 22:26:55.777208 - Found LINKLLA.jcl (text/plain) in CBT.V504.FILE183.PDS, moved to PDS/LINKLLA
2023-04-02 22:26:55.778077 - Found LISTDSI.rexx (text/plain) in CBT.V504.FILE183.PDS, moved to PDS/LISTDSI
2023-04-02 22:26:55.779042 - Found LLIBDEF1.jcl (text/plain) in CBT.V504.FILE183.PDS, moved to PDS/LLIBDEF1
2023-04-02 22:26:55.780112 - Found LOADMLPA.jcl (text/plain) in CBT.V504.FILE183.PDS, moved to PDS/LOADMLPA
2023-04-02 22:26:55.781809 - Found LOCKTERM.jcl (text/plain) in CBT.V504.FILE183.PDS, moved to PDS/LOCKTERM
2023-04-02 22:26:55.782784 - Found LPA24.rexx (text/plain) in CBT.V504.FILE183.PDS, moved to PDS/LPA24
2023-04-02 22:26:55.784007 - Found LPR.rexx (text/plain) in CBT.V504.FILE183.PDS, moved to PDS/LPR
2023-04-02 22:26:55.785154 - Found LVL.rexx (text/plain) in CBT.V504.FILE183.PDS, moved to PDS/LVL
2023-04-02 22:26:55.786175 - Found NEWAPPL.rexx (text/plain) in CBT.V504.FILE183.PDS, moved to PDS/NEWAPPL
2023-04-02 22:26:55.787185 - Found NOTCTLG3.jcl (text/plain) in CBT.V504.FILE183.PDS, moved to PDS/NOTCTLG3
2023-04-02 22:26:55.788513 - Found OBEYFILE.rexx (text/plain) in CBT.V504.FILE183.PDS, moved to PDS/OBEYFILE
2023-04-02 22:26:55.789609 - Found PACKOFF.jcl (text/plain) in CBT.V504.FILE183.PDS, moved to PDS/PACKOFF
2023-04-02 22:26:55.790565 - Found PASTE.rexx (text/plain) in CBT.V504.FILE183.PDS, moved to PDS/PASTE
2023-04-02 22:26:55.791796 - Found PLI2JOB.jcl (text/plain) in CBT.V504.FILE183.PDS, moved to PDS/PLI2JOB
2023-04-02 22:26:55.792851 - Found PLI2TSO.jcl (text/plain) in CBT.V504.FILE183.PDS, moved to PDS/PLI2TSO
2023-04-02 22:26:55.793854 - Found RECALL.jcl (text/plain) in CBT.V504.FILE183.PDS, moved to PDS/RECALL
2023-04-02 22:26:55.794809 - Found RESET5.jcl (text/plain) in CBT.V504.FILE183.PDS, moved to PDS/RESET5
2023-04-02 22:26:55.795867 - Found REXXTRY.jcl (text/plain) in CBT.V504.FILE183.PDS, moved to PDS/REXXTRY
2023-04-02 22:26:55.797219 - Found ROUTE.rexx (text/plain) in CBT.V504.FILE183.PDS, moved to PDS/ROUTE
2023-04-02 22:26:55.798307 - Found ROUTEHLP.txt (text/plain) in CBT.V504.FILE183.PDS, moved to PDS/ROUTEHLP
2023-04-02 22:26:55.799319 - Found ROUTEPGM.jcl (text/plain) in CBT.V504.FILE183.PDS, moved to PDS/ROUTEPGM
2023-04-02 22:26:55.800817 - Found RXSMS.jcl (text/plain) in CBT.V504.FILE183.PDS, moved to PDS/RXSMS
2023-04-02 22:26:55.802063 - Found SCANMODL.jcl (text/plain) in CBT.V504.FILE183.PDS, moved to PDS/SCANMODL
2023-04-02 22:26:55.803117 - Found SFE.rexx (text/plain) in CBT.V504.FILE183.PDS, moved to PDS/SFE
2023-04-02 22:26:55.804686 - Found SHOWDASD.rexx (text/plain) in CBT.V504.FILE183.PDS, moved to PDS/SHOWDASD
2023-04-02 22:26:55.805703 - Found SHOWDAS1.rexx (text/plain) in CBT.V504.FILE183.PDS, moved to PDS/SHOWDAS1
2023-04-02 22:26:55.806662 - Found SHOWDPNL.txt (text/plain) in CBT.V504.FILE183.PDS, moved to PDS/SHOWDPNL
2023-04-02 22:26:55.808170 - Found SHOWJPAQ.jcl (text/plain) in CBT.V504.FILE183.PDS, moved to PDS/SHOWJPAQ
2023-04-02 22:26:55.809247 - Found SHOWMACS.txt (text/plain) in CBT.V504.FILE183.PDS, moved to PDS/SHOWMACS
2023-04-02 22:26:55.810316 - Found SHOWMVS.txt (text/plain) in CBT.V504.FILE183.PDS, moved to PDS/SHOWMVS
2023-04-02 22:26:55.811525 - Found SHOWTIOT.rexx (text/plain) in CBT.V504.FILE183.PDS, moved to PDS/SHOWTIOT
2023-04-02 22:26:55.812908 - Found SHOWVTOC.txt (text/plain) in CBT.V504.FILE183.PDS, moved to PDS/SHOWVTOC
2023-04-02 22:26:55.814682 - Found STEMEDI#.txt (text/plain) in CBT.V504.FILE183.PDS, moved to PDS/STEMEDI#
2023-04-02 22:26:55.815813 - Found STEMEDI@.txt (text/plain) in CBT.V504.FILE183.PDS, moved to PDS/STEMEDI@
2023-04-02 22:26:55.816822 - Found STEMEDID.txt (text/plain) in CBT.V504.FILE183.PDS, moved to PDS/STEMEDID
2023-04-02 22:26:55.817772 - Found STEMEDIH.txt (text/plain) in CBT.V504.FILE183.PDS, moved to PDS/STEMEDIH
2023-04-02 22:26:55.818831 - Found STEMEDIT.jcl (text/plain) in CBT.V504.FILE183.PDS, moved to PDS/STEMEDIT
2023-04-02 22:26:55.820029 - Found STEMVIEW.jcl (text/plain) in CBT.V504.FILE183.PDS, moved to PDS/STEMVIEW
2023-04-02 22:26:55.821065 - Found STRING.txt (text/plain) in CBT.V504.FILE183.PDS, moved to PDS/STRING
2023-04-02 22:26:55.822033 - Found SVCUPDTE.jcl (text/plain) in CBT.V504.FILE183.PDS, moved to PDS/SVCUPDTE
2023-04-02 22:26:55.823032 - Found SWAREQ.rexx (text/plain) in CBT.V504.FILE183.PDS, moved to PDS/SWAREQ
2023-04-02 22:26:55.824722 - Found SWAREQ2#.txt (text/plain) in CBT.V504.FILE183.PDS, moved to PDS/SWAREQ2#
2023-04-02 22:26:55.825665 - Found SWAREQ22.rexx (text/plain) in CBT.V504.FILE183.PDS, moved to PDS/SWAREQ22
2023-04-02 22:26:55.827149 - Found SYSDEBUG.jcl (text/plain) in CBT.V504.FILE183.PDS, moved to PDS/SYSDEBUG
2023-04-02 22:26:55.828636 - Found SYSMOVE.jcl (text/plain) in CBT.V504.FILE183.PDS, moved to PDS/SYSMOVE
2023-04-02 22:26:55.829586 - Found TALLY.rexx (text/plain) in CBT.V504.FILE183.PDS, moved to PDS/TALLY
2023-04-02 22:26:55.830519 - Found TCTDCTR.jcl (text/plain) in CBT.V504.FILE183.PDS, moved to PDS/TCTDCTR
2023-04-02 22:26:55.831582 - Found TLMS.jcl (text/plain) in CBT.V504.FILE183.PDS, moved to PDS/TLMS
2023-04-02 22:26:55.832661 - Found TMS.jcl (text/plain) in CBT.V504.FILE183.PDS, moved to PDS/TMS
2023-04-02 22:26:55.833666 - Found TRIMMAC.jcl (text/plain) in CBT.V504.FILE183.PDS, moved to PDS/TRIMMAC
2023-04-02 22:26:55.834606 - Found UNITAFF.jcl (text/plain) in CBT.V504.FILE183.PDS, moved to PDS/UNITAFF
2023-04-02 22:26:55.835684 - Found USERCMDS.jcl (text/plain) in CBT.V504.FILE183.PDS, moved to PDS/USERCMDS
2023-04-02 22:26:55.836808 - Found VALLOC.rexx (text/plain) in CBT.V504.FILE183.PDS, moved to PDS/VALLOC
2023-04-02 22:26:55.837854 - Found VARS.rexx (text/plain) in CBT.V504.FILE183.PDS, moved to PDS/VARS
2023-04-02 22:26:55.839066 - Found VDL.rexx (text/plain) in CBT.V504.FILE183.PDS, moved to PDS/VDL
2023-04-02 22:26:55.840121 - Found VML.rexx (text/plain) in CBT.V504.FILE183.PDS, moved to PDS/VML
2023-04-02 22:26:55.842032 - Found VSAMVIEW.jcl (text/plain) in CBT.V504.FILE183.PDS, moved to PDS/VSAMVIEW
2023-04-02 22:26:55.843422 - Found VSAMVW95.jcl (text/plain) in CBT.V504.FILE183.PDS, moved to PDS/VSAMVW95
2023-04-02 22:26:55.844538 - Found VSAVE.rexx (text/plain) in CBT.V504.FILE183.PDS, moved to PDS/VSAVE
2023-04-02 22:26:55.845616 - Found WHEREIS.rexx (text/plain) in CBT.V504.FILE183.PDS, moved to PDS/WHEREIS
2023-04-02 22:26:55.846631 - Found WHOAMI.rexx (text/plain) in CBT.V504.FILE183.PDS, moved to PDS/WHOAMI
2023-04-02 22:26:55.847589 - Found WP.rexx (text/plain) in CBT.V504.FILE183.PDS, moved to PDS/WP
2023-04-02 22:26:55.848583 - Found XDEL.rexx (text/plain) in CBT.V504.FILE183.PDS, moved to PDS/XDEL
2023-04-02 22:26:55.849517 - Found XDELETE.rexx (text/plain) in CBT.V504.FILE183.PDS, moved to PDS/XDELETE
2023-04-02 22:26:55.850419 - Found XREN.rexx (text/plain) in CBT.V504.FILE183.PDS, moved to PDS/XREN
2023-04-02 22:26:55.851458 - Found XRENAME.rexx (text/plain) in CBT.V504.FILE183.PDS, moved to PDS/XRENAME
2023-04-02 22:26:55.852355 - Found ZAPONTR0.jcl (text/plain) in CBT.V504.FILE183.PDS, moved to PDS/ZAPONTR0
2023-04-02 22:26:55.853262 - Found ZAPXMIT.jcl (text/plain) in CBT.V504.FILE183.PDS, moved to PDS/ZAPXMIT
